E, [2016-11-15T14:04:47.831522 #9451] ERROR -- Kitchen: ------Exception-------
E, [2016-11-15T14:04:47.831624 #9451] ERROR -- Kitchen: Class: Kitchen::UserError
E, [2016-11-15T14:04:47.831642 #9451] ERROR -- Kitchen: Message: Kitchen YAML file /Users/matthewschwartz/Documents/Training/ChefTraining/bobby-flay/.kitchen.yml does not exist.
E, [2016-11-15T14:04:47.831655 #9451] ERROR -- Kitchen: ----------------------
E, [2016-11-15T14:04:47.831665 #9451] ERROR -- Kitchen: ------Backtrace-------
E, [2016-11-15T14:04:47.831675 #9451] ERROR -- Kitchen: /opt/chefdk/embedded/lib/ruby/gems/2.3.0/gems/test-kitchen-1.13.2/lib/kitchen/loader/yaml.rb:74:in `read'
E, [2016-11-15T14:04:47.831686 #9451] ERROR -- Kitchen: /opt/chefdk/embedded/lib/ruby/gems/2.3.0/gems/test-kitchen-1.13.2/lib/kitchen/config.rb:154:in `data'
E, [2016-11-15T14:04:47.831696 #9451] ERROR -- Kitchen: /opt/chefdk/embedded/lib/ruby/gems/2.3.0/gems/test-kitchen-1.13.2/lib/kitchen/config.rb:133:in `suites'
E, [2016-11-15T14:04:47.831706 #9451] ERROR -- Kitchen: /opt/chefdk/embedded/lib/ruby/gems/2.3.0/gems/test-kitchen-1.13.2/lib/kitchen/config.rb:184:in `filter_instances'
E, [2016-11-15T14:04:47.831721 #9451] ERROR -- Kitchen: /opt/chefdk/embedded/lib/ruby/gems/2.3.0/gems/test-kitchen-1.13.2/lib/kitchen/config.rb:143:in `build_instances'
E, [2016-11-15T14:04:47.831732 #9451] ERROR -- Kitchen: /opt/chefdk/embedded/lib/ruby/gems/2.3.0/gems/test-kitchen-1.13.2/lib/kitchen/config.rb:119:in `instances'
E, [2016-11-15T14:04:47.831742 #9451] ERROR -- Kitchen: /opt/chefdk/embedded/lib/ruby/gems/2.3.0/gems/test-kitchen-1.13.2/lib/kitchen/command.rb:115:in `filtered_instances'
E, [2016-11-15T14:04:47.831753 #9451] ERROR -- Kitchen: /opt/chefdk/embedded/lib/ruby/gems/2.3.0/gems/test-kitchen-1.13.2/lib/kitchen/command.rb:145:in `parse_subcommand'
E, [2016-11-15T14:04:47.831763 #9451] ERROR -- Kitchen: /opt/chefdk/embedded/lib/ruby/gems/2.3.0/gems/test-kitchen-1.13.2/lib/kitchen/command/list.rb:32:in `call'
E, [2016-11-15T14:04:47.831773 #9451] ERROR -- Kitchen: /opt/chefdk/embedded/lib/ruby/gems/2.3.0/gems/test-kitchen-1.13.2/lib/kitchen/cli.rb:56:in `perform'
E, [2016-11-15T14:04:47.831783 #9451] ERROR -- Kitchen: /opt/chefdk/embedded/lib/ruby/gems/2.3.0/gems/test-kitchen-1.13.2/lib/kitchen/cli.rb:120:in `list'
E, [2016-11-15T14:04:47.831793 #9451] ERROR -- Kitchen: /opt/chefdk/embedded/lib/ruby/gems/2.3.0/gems/thor-0.19.1/lib/thor/command.rb:27:in `run'
E, [2016-11-15T14:04:47.831803 #9451] ERROR -- Kitchen: /opt/chefdk/embedded/lib/ruby/gems/2.3.0/gems/thor-0.19.1/lib/thor/invocation.rb:126:in `invoke_command'
E, [2016-11-15T14:04:47.831813 #9451] ERROR -- Kitchen: /opt/chefdk/embedded/lib/ruby/gems/2.3.0/gems/test-kitchen-1.13.2/lib/kitchen/cli.rb:334:in `invoke_task'
E, [2016-11-15T14:04:47.831843 #9451] ERROR -- Kitchen: /opt/chefdk/embedded/lib/ruby/gems/2.3.0/gems/thor-0.19.1/lib/thor.rb:359:in `dispatch'
E, [2016-11-15T14:04:47.831856 #9451] ERROR -- Kitchen: /opt/chefdk/embedded/lib/ruby/gems/2.3.0/gems/thor-0.19.1/lib/thor/base.rb:440:in `start'
E, [2016-11-15T14:04:47.831867 #9451] ERROR -- Kitchen: /opt/chefdk/embedded/lib/ruby/gems/2.3.0/gems/test-kitchen-1.13.2/bin/kitchen:13:in `block in <top (required)>'
E, [2016-11-15T14:04:47.831877 #9451] ERROR -- Kitchen: /opt/chefdk/embedded/lib/ruby/gems/2.3.0/gems/test-kitchen-1.13.2/lib/kitchen/errors.rb:174:in `with_friendly_errors'
E, [2016-11-15T14:04:47.831888 #9451] ERROR -- Kitchen: /opt/chefdk/embedded/lib/ruby/gems/2.3.0/gems/test-kitchen-1.13.2/bin/kitchen:13:in `<top (required)>'
E, [2016-11-15T14:04:47.831898 #9451] ERROR -- Kitchen: /usr/local/bin/kitchen:21:in `load'
E, [2016-11-15T14:04:47.831907 #9451] ERROR -- Kitchen: /usr/local/bin/kitchen:21:in `<main>'
E, [2016-11-15T14:04:47.831917 #9451] ERROR -- Kitchen: ----End Backtrace-----
